<?xml version="1.0" encoding="UTF-8"?>
<!-- Generated by org.testng.reporters.JUnitXMLReporter -->
<testsuite ignored="0" hostname="DESKTOP-53M49C2" failures="1" tests="1" name="Test-Runner-2" time="28.705" errors="0" timestamp="2023-07-25T20:34:51 IST">
  <testcase classname="CreateProductWithCampigns.CreeateProductWithCampigns" name="product" time="0.607">
    <failure type="java.lang.NullPointerException" message="Cannot invoke &amp;quot;org.apache.poi.ss.usermodel.Sheet.getRow(int)&amp;quot; because &amp;quot;sh&amp;quot; is null">
      <![CDATA[java.lang.NullPointerException: Cannot invoke "org.apache.poi.ss.usermodel.Sheet.getRow(int)" because "sh" is null
at vtiger.GenericUtilities.ExcelFileUtility.getDataFromExcel(ExcelFileUtility.java:21)
at CreateProductWithCampigns.CreeateProductWithCampigns.product(CreeateProductWithCampigns.java:38)
at java.base/java.util.ArrayList.forEach(ArrayList.java:1511)
at java.base/java.util.concurrent.FutureTask.run(FutureTask.java:264)
at java.base/java.util.concurrent.ThreadPoolExecutor.runWorker(ThreadPoolExecutor.java:1136)
at java.base/java.util.concurrent.ThreadPoolExecutor$Worker.run(ThreadPoolExecutor.java:635)
at java.base/java.lang.Thread.run(Thread.java:833)
... Removed 17 stack frames]]>
    </failure>
  </testcase> <!-- product -->
</testsuite> <!-- Test-Runner-2 -->
