<?xml version="1.0" encoding="UTF-8"?>
<!-- Generated by org.testng.reporters.JUnitReportReporter -->
<testsuite hostname="DESKTOP-53M49C2" failures="0" tests="3" name="vtiger.Practice.DataProviderPractice" time="0.045" errors="0" timestamp="2023-07-21T19:38:32 IST" skipped="0">
  <testcase classname="vtiger.Practice.DataProviderPractice" name="addToCardTest" time="0.025"/>
  <testcase classname="vtiger.Practice.DataProviderPractice" name="addToCardTest" time="0.006"/>
  <testcase classname="vtiger.Practice.DataProviderPractice" name="addToCardTest" time="0.014"/>
</testsuite> <!-- vtiger.Practice.DataProviderPractice -->
