<?xml version="1.0" encoding="UTF-8"?>
<!-- Generated by org.testng.reporters.JUnitReportReporter -->
<testsuite hostname="DESKTOP-53M49C2" failures="0" tests="1" name="CreateOrganizationWithIndustryType.CreateOrganizationWithIndustryType" time="79.919" errors="0" timestamp="2023-07-17T20:13:31 IST" skipped="0">
  <testcase classname="CreateOrganizationWithIndustryType.CreateOrganizationWithIndustryType" name="createOrgWithIndustry" time="79.919"/>
</testsuite> <!-- CreateOrganizationWithIndustryType.CreateOrganizationWithIndustryType -->
