<?xml version="1.0" encoding="UTF-8"?>
<!-- Generated by org.testng.reporters.JUnitReportReporter -->
<testsuite hostname="DESKTOP-53M49C2" failures="0" tests="1" name="CreateOppurtinityWithContact.CreateOppurtinityWithContactTest" time="27.827" errors="0" timestamp="2023-08-10T15:25:10 IST" skipped="0">
  <testcase classname="CreateOppurtinityWithContact.CreateOppurtinityWithContactTest" name="CreateOppurtinityWithContact" time="27.827"/>
</testsuite> <!-- CreateOppurtinityWithContact.CreateOppurtinityWithContactTest -->
